{"level":"info","message":"File Is uploaded","timestamp":"12:44:14"}
{"level":"info","message":"profilePhotoUrlhttps://aldaalah.herokuapp.com/images/profileImages/undefined","timestamp":"12:44:14"}
{"level":"info","message":"RegistrationController.completeProfile called for user  :+923345022570","timestamp":"12:44:14"}
{"level":"info","message":"UserExists Method Called","timestamp":"12:44:14"}
{"level":"info","message":" Exit UserExists Method","timestamp":"12:44:14"}
{"level":"info","message":" Exit RegistrationController.completeProfile Method","timestamp":"12:44:14"}
{"level":"info","message":"User Found with Phone Num. :+923345022570","timestamp":"12:44:14"}
{"level":"info","message":"User updated With Phone Num +923345022570","timestamp":"12:44:15"}
{"level":"info","message":"File Is uploaded","timestamp":"12:46:23"}
{"level":"info","message":"profilePhotoUrlhttps://aldaalah.herokuapp.com/images/profileImages/profilePhoto-1506411983217.jpg","timestamp":"12:46:23"}
{"level":"info","message":"RegistrationController.completeProfile called for user  :+923345022570","timestamp":"12:46:23"}
{"level":"info","message":"UserExists Method Called","timestamp":"12:46:23"}
{"level":"info","message":" Exit UserExists Method","timestamp":"12:46:23"}
{"level":"info","message":" Exit RegistrationController.completeProfile Method","timestamp":"12:46:23"}
{"level":"info","message":"User Found with Phone Num. :+923345022570","timestamp":"12:46:23"}
{"level":"info","message":"User updated With Phone Num +923345022570","timestamp":"12:46:23"}
{"level":"info","message":"File Is uploaded","timestamp":"12:46:51"}
{"level":"info","message":"profilePhotoUrlhttps://aldaalah.herokuapp.com/images/profileImages/profilePhoto-1506411983217.jpg","timestamp":"12:46:51"}
{"level":"info","message":"RegistrationController.completeProfile called for user  :+923345022570","timestamp":"12:46:51"}
{"level":"info","message":"UserExists Method Called","timestamp":"12:46:51"}
{"level":"info","message":" Exit UserExists Method","timestamp":"12:46:51"}
{"level":"info","message":" Exit RegistrationController.completeProfile Method","timestamp":"12:46:51"}
{"level":"info","message":"User Found with Phone Num. :+923345022570","timestamp":"12:46:51"}
{"level":"info","message":"User updated With Phone Num +923345022570","timestamp":"12:46:51"}
{"level":"info","message":"File Is uploaded","timestamp":"12:47:26"}
{"level":"info","message":"profilePhotoUrlhttps://aldaalah.herokuapp.com/images/profileImages/profilePhoto-1506411983217.jpg","timestamp":"12:47:26"}
{"level":"info","message":"RegistrationController.completeProfile called for user  :+923345022570","timestamp":"12:47:26"}
{"level":"info","message":"UserExists Method Called","timestamp":"12:47:26"}
{"level":"info","message":" Exit UserExists Method","timestamp":"12:47:26"}
{"level":"info","message":" Exit RegistrationController.completeProfile Method","timestamp":"12:47:26"}
{"level":"info","message":"User Found with Phone Num. :+923345022570","timestamp":"12:47:27"}
{"level":"info","message":"User updated With Phone Num +923345022570","timestamp":"12:47:27"}
{"level":"info","message":"File Is uploaded","timestamp":"12:48:47"}
{"level":"info","message":"profilePhotoUrlhttps://aldaalah.herokuapp.com/images/profileImages/profilePhoto-1506411983217.jpg","timestamp":"12:48:47"}
{"level":"info","message":"RegistrationController.completeProfile called for user  :+923345022570","timestamp":"12:48:47"}
{"level":"info","message":"UserExists Method Called","timestamp":"12:48:47"}
{"level":"info","message":" Exit UserExists Method","timestamp":"12:48:47"}
{"level":"info","message":" Exit RegistrationController.completeProfile Method","timestamp":"12:48:47"}
{"level":"info","message":"User Found with Phone Num. :+923345022570","timestamp":"12:48:48"}
{"level":"info","message":"User updated With Phone Num +923345022570","timestamp":"12:48:48"}
{"level":"info","message":"File Is uploaded","timestamp":"13:18:06"}
{"level":"info","message":"profilePhotoUrlhttps://aldaalah.herokuapp.com/images/profileImages/profilePhoto-1506411983217.jpg","timestamp":"13:18:06"}
{"level":"info","message":"RegistrationController.completeProfile called for user  :+923345022570","timestamp":"13:18:06"}
{"level":"info","message":"UserExists Method Called","timestamp":"13:18:06"}
{"level":"info","message":" Exit UserExists Method","timestamp":"13:18:06"}
{"level":"info","message":" Exit RegistrationController.completeProfile Method","timestamp":"13:18:06"}
{"level":"info","message":"User Found with Phone Num. :+923345022570","timestamp":"13:18:06"}
{"level":"info","message":"User updated With Phone Num +923345022570","timestamp":"13:18:06"}
