{"level":"info","message":"File NEW Name  :file-1537265689875.jpg","timestamp":"15:14:50"}
{"level":"info","message":"Photo Is uploaded","timestamp":"15:14:50"}
{"level":"info","message":" Exit AppController.addWallpaper Method","timestamp":"15:14:52"}
{"level":"info","message":"Wallpaper saved succuessfully","timestamp":"15:14:52"}
{"level":"info","message":"File NEW Name  :file-1537265724517.jpeg","timestamp":"15:15:24"}
{"level":"info","message":"Photo Is uploaded","timestamp":"15:15:24"}
{"level":"info","message":" Exit AppController.addWallpaper Method","timestamp":"15:15:25"}
{"level":"info","message":"Wallpaper saved succuessfully","timestamp":"15:15:26"}
{"level":"info","message":"File NEW Name  :file-1537265733686.jpg","timestamp":"15:15:33"}
{"level":"info","message":"Photo Is uploaded","timestamp":"15:15:33"}
{"level":"info","message":" Exit AppController.addWallpaper Method","timestamp":"15:15:35"}
{"level":"info","message":"Wallpaper saved succuessfully","timestamp":"15:15:36"}
{"level":"info","message":"File NEW Name  :file-1537265753210.jpg","timestamp":"15:15:53"}
{"level":"info","message":"Photo Is uploaded","timestamp":"15:15:53"}
{"level":"info","message":" Exit AppController.addWallpaper Method","timestamp":"15:15:55"}
{"level":"info","message":"Wallpaper saved succuessfully","timestamp":"15:15:55"}
{"level":"info","message":"File NEW Name  :file-1537265768152.jpg","timestamp":"15:16:08"}
{"level":"info","message":"Photo Is uploaded","timestamp":"15:16:08"}
{"level":"info","message":" Exit AppController.addWallpaper Method","timestamp":"15:16:09"}
{"level":"info","message":"Wallpaper saved succuessfully","timestamp":"15:16:10"}
{"level":"info","message":"File NEW Name  :file-1537265994034.jpg","timestamp":"15:19:54"}
{"level":"info","message":"Photo Is uploaded","timestamp":"15:19:54"}
{"level":"info","message":" Exit AppController.addWallpaper Method","timestamp":"15:19:57"}
{"level":"info","message":"Wallpaper saved succuessfully","timestamp":"15:19:57"}
{"level":"info","message":"File NEW Name  :file-1537266036441.jpg","timestamp":"15:20:36"}
{"level":"info","message":"Photo Is uploaded","timestamp":"15:20:36"}
{"level":"info","message":" Exit AppController.addWallpaper Method","timestamp":"15:20:38"}
{"level":"info","message":"Wallpaper saved succuessfully","timestamp":"15:20:38"}
