{"level":"info","message":"Phone #: undefined","timestamp":"22:56:51"}
{"level":"info","message":"File NEW Name  :file-1539453411343.png","timestamp":"22:56:51"}
{"level":"info","message":"File Is uploaded","timestamp":"22:56:51"}
{"level":"info","message":"user not found with phone no undefined","timestamp":"22:56:51"}
{"level":"info","message":"Unable to find user.","timestamp":"22:56:51"}
{"level":"info","message":"Phone #: undefined","timestamp":"22:59:34"}
{"level":"info","message":"user not found with phone no undefined","timestamp":"22:59:43"}
{"level":"info","message":"Unable to find user.","timestamp":"22:59:43"}
{"level":"info","message":"Phone #: undefined","timestamp":"23:18:48"}
{"level":"info","message":"user not found with phone no undefined","timestamp":"23:18:59"}
{"level":"info","message":"Unable to find user.","timestamp":"23:18:59"}
{"level":"info","message":"Phone #: undefined","timestamp":"23:21:12"}
{"level":"info","message":"Phone No.undefined","timestamp":"23:21:12"}
{"level":"info","message":"Phone #: undefined","timestamp":"23:26:38"}
{"level":"info","message":"Phone No.undefined","timestamp":"23:26:39"}
{"level":"info","message":"Phone #: undefined","timestamp":"23:27:12"}
{"level":"info","message":"Phone No.undefined","timestamp":"23:27:12"}
{"level":"info","message":"Phone #: undefined","timestamp":"23:28:04"}
{"level":"info","message":"Phone No.undefined","timestamp":"23:28:04"}
{"level":"info","message":"Phone #: undefined","timestamp":"23:29:09"}
{"level":"info","message":"Phone No.undefined","timestamp":"23:29:09"}
{"level":"info","message":"Phone #: undefined","timestamp":"23:33:44"}
{"level":"info","message":"Phone No.undefined","timestamp":"23:33:44"}
{"level":"info","message":"Phone #: +923345022571","timestamp":"00:34:42"}
{"level":"info","message":"user found with phone no +923345022571","timestamp":"00:34:43"}
{"level":"info","message":"User is authentic","timestamp":"00:34:43"}
{"level":"info","message":"Phone #: undefined","timestamp":"00:34:58"}
{"level":"info","message":"Phone No.undefined","timestamp":"00:34:58"}
{"level":"info","message":"Phone #: +923345022570","timestamp":"00:35:19"}
{"level":"info","message":"user found with phone no +923345022570","timestamp":"00:35:20"}
{"level":"info","message":"User is authentic","timestamp":"00:35:20"}
{"level":"info","message":"File Is uploaded","timestamp":"00:35:20"}
{"level":"info","message":"Phone #: undefined","timestamp":"00:36:54"}
{"level":"info","message":"Phone No.undefined","timestamp":"00:36:54"}
{"level":"info","message":"token: eyJhbGciOiJIUzI1NiIsInR5cCI6IkpXVCJ9.eyJfaWQiOiI1YjVjMzhjYmE3YTkxNDAwMTQxZmFmMjQiLCJpYXQiOjE1MzkxNTE2NDl9.cpRY9lEqRjoJ4vpb9y1tMf69IU3J-uT1qWOKp2K-jg8","timestamp":"00:37:45"}
{"level":"info","message":"Phone #: undefined","timestamp":"00:37:45"}
{"level":"info","message":"Phone No.undefined","timestamp":"00:37:45"}
{"level":"info","message":"token: eyJhbGciOiJIUzI1NiIsInR5cCI6IkpXVCJ9.eyJfaWQiOiI1YjVjMzhjYmE3YTkxNDAwMTQxZmFmMjQiLCJpYXQiOjE1MzkxNTE2NDl9.cpRY9lEqRjoJ4vpb9y1tMf69IU3J-uT1qWOKp2K-jg8","timestamp":"00:38:28"}
{"level":"info","message":"req.body: [object Object]","timestamp":"00:38:28"}
{"level":"info","message":"Phone #: undefined","timestamp":"00:38:28"}
{"level":"info","message":"Phone No.undefined","timestamp":"00:38:28"}
{"level":"info","message":"token: eyJhbGciOiJIUzI1NiIsInR5cCI6IkpXVCJ9.eyJfaWQiOiI1YjVjMzhjYmE3YTkxNDAwMTQxZmFmMjQiLCJpYXQiOjE1MzkxNTE2NDl9.cpRY9lEqRjoJ4vpb9y1tMf69IU3J-uT1qWOKp2K-jg8","timestamp":"00:38:55"}
{"level":"info","message":"token: eyJhbGciOiJIUzI1NiIsInR5cCI6IkpXVCJ9.eyJfaWQiOiI1YjVjMzhjYmE3YTkxNDAwMTQxZmFmMjQiLCJpYXQiOjE1MzkxNTE2NDl9.cpRY9lEqRjoJ4vpb9y1tMf69IU3J-uT1qWOKp2K-jg8","timestamp":"00:39:40"}
{"level":"info","message":"req.body: undefined","timestamp":"00:39:40"}
{"level":"info","message":"Phone #: undefined","timestamp":"00:39:40"}
{"level":"info","message":"Phone No.undefined","timestamp":"00:39:40"}
{"level":"info","message":"token: eyJhbGciOiJIUzI1NiIsInR5cCI6IkpXVCJ9.eyJfaWQiOiI1YjVjMzhjYmE3YTkxNDAwMTQxZmFmMjQiLCJpYXQiOjE1MzkxNTE2NDl9.cpRY9lEqRjoJ4vpb9y1tMf69IU3J-uT1qWOKp2K-jg8","timestamp":"00:40:23"}
{"level":"info","message":"req.body: undefined","timestamp":"00:40:23"}
{"level":"info","message":"Phone #: undefined","timestamp":"00:40:23"}
{"level":"info","message":"Phone No.undefined","timestamp":"00:40:23"}
{"level":"info","message":"token: eyJhbGciOiJIUzI1NiIsInR5cCI6IkpXVCJ9.eyJfaWQiOiI1YjVjMzhjYmE3YTkxNDAwMTQxZmFmMjQiLCJpYXQiOjE1MzkxNTE2NDl9.cpRY9lEqRjoJ4vpb9y1tMf69IU3J-uT1qWOKp2K-jg8","timestamp":"00:43:50"}
{"level":"info","message":"req.body: undefined","timestamp":"00:43:50"}
{"level":"info","message":"Phone #: undefined","timestamp":"00:43:50"}
{"level":"info","message":"Phone No.undefined","timestamp":"00:43:50"}
{"level":"info","message":"token: eyJhbGciOiJIUzI1NiIsInR5cCI6IkpXVCJ9.eyJfaWQiOiI1YjVjMzhjYmE3YTkxNDAwMTQxZmFmMjQiLCJpYXQiOjE1MzkxNTE2NDl9.cpRY9lEqRjoJ4vpb9y1tMf69IU3J-uT1qWOKp2K-jg8","timestamp":"00:44:26"}
{"level":"info","message":"req.body: undefined","timestamp":"00:44:26"}
{"level":"info","message":"Phone #: undefined","timestamp":"00:44:26"}
{"level":"info","message":"Phone No.undefined","timestamp":"00:44:26"}
{"level":"info","message":"token: eyJhbGciOiJIUzI1NiIsInR5cCI6IkpXVCJ9.eyJfaWQiOiI1YjVjMzhjYmE3YTkxNDAwMTQxZmFmMjQiLCJpYXQiOjE1MzkxNTE2NDl9.cpRY9lEqRjoJ4vpb9y1tMf69IU3J-uT1qWOKp2K-jg8","timestamp":"00:45:50"}
{"level":"info","message":"req.body: undefined","timestamp":"00:45:50"}
{"level":"info","message":"Phone #: undefined","timestamp":"00:45:50"}
{"level":"info","message":"Phone No.undefined","timestamp":"00:45:50"}
{"level":"info","message":"token: eyJhbGciOiJIUzI1NiIsInR5cCI6IkpXVCJ9.eyJfaWQiOiI1YjVjMzhjYmE3YTkxNDAwMTQxZmFmMjQiLCJpYXQiOjE1MzkxNTE2NDl9.cpRY9lEqRjoJ4vpb9y1tMf69IU3J-uT1qWOKp2K-jg8","timestamp":"00:49:01"}
{"level":"info","message":"req.body: undefined","timestamp":"00:49:01"}
{"level":"info","message":"Phone #: undefined","timestamp":"00:49:01"}
{"level":"info","message":"Phone No.undefined","timestamp":"00:49:01"}
