{"level":"info","message":"reqData  :undefined","timestamp":"19:46:21"}
{"level":"info","message":"File NEW Name  :profilePhoto-1537541181350.jpg","timestamp":"19:46:21"}
{"level":"info","message":"Photo Is uploaded","timestamp":"19:46:21"}
{"level":"info","message":"Error : Error: write ECONNRESET","timestamp":"19:46:22"}
{"level":"info","message":"reqData  :undefined","timestamp":"19:52:20"}
{"level":"info","message":"File NEW Name  :profilePhoto-1537541540619.jpg","timestamp":"19:52:20"}
{"level":"info","message":"Photo Is uploaded","timestamp":"19:52:20"}
{"level":"info","message":"An Exception occured ChatController.createGroup SyntaxError: Unexpected token u in JSON at position 0","timestamp":"19:52:24"}
{"level":"info","message":"reqData  :undefined","timestamp":"19:55:36"}
{"level":"info","message":"File NEW Name  :profilePhoto-1537541736889.jpg","timestamp":"19:55:36"}
{"level":"info","message":"Photo Is uploaded","timestamp":"19:55:36"}
{"level":"info","message":"An Exception occured ChatController.createGroup TypeError: Cannot read property 'values' of undefined","timestamp":"19:55:40"}
{"level":"info","message":"reqData  :undefined","timestamp":"19:56:14"}
{"level":"info","message":"File NEW Name  :profilePhoto-1537541774279.jpg","timestamp":"19:56:14"}
{"level":"info","message":"Photo Is uploaded","timestamp":"19:56:14"}
{"level":"info","message":"An Exception occured ChatController.createGroup TypeError: Cannot read property 'values' of undefined","timestamp":"19:56:17"}
{"level":"info","message":"reqData  :undefined","timestamp":"19:57:16"}
{"level":"info","message":"File NEW Name  :profilePhoto-1537541836213.jpg","timestamp":"19:57:16"}
{"level":"info","message":"Photo Is uploaded","timestamp":"19:57:16"}
{"level":"info","message":"An Exception occured ChatController.createGroup SyntaxError: Unexpected token u in JSON at position 0","timestamp":"19:57:18"}
{"level":"info","message":"reqData  :undefined","timestamp":"19:57:51"}
{"level":"info","message":"File NEW Name  :profilePhoto-1537541871919.jpg","timestamp":"19:57:51"}
{"level":"info","message":"Photo Is uploaded","timestamp":"19:57:51"}
{"level":"info","message":"An Exception occured ChatController.createGroup SyntaxError: Unexpected token u in JSON at position 0","timestamp":"19:57:54"}
{"level":"info","message":"reqData  :undefined","timestamp":"20:02:17"}
{"level":"info","message":"File NEW Name  :profilePhoto-1537542137926.jpg","timestamp":"20:02:17"}
{"level":"info","message":"Photo Is uploaded","timestamp":"20:02:17"}
{"level":"info","message":"An Exception occured ChatController.createGroup SyntaxError: Unexpected token u in JSON at position 0","timestamp":"20:02:25"}
{"level":"info","message":"reqData  :undefined","timestamp":"20:03:12"}
{"level":"info","message":"File NEW Name  :profilePhoto-1537542192524.jpg","timestamp":"20:03:12"}
{"level":"info","message":"Photo Is uploaded","timestamp":"20:03:12"}
{"level":"info","message":"An Exception occured ChatController.createGroup SyntaxError: Unexpected token u in JSON at position 0","timestamp":"20:03:14"}
{"level":"info","message":"reqData  :undefined","timestamp":"20:05:12"}
{"level":"info","message":"File NEW Name  :profilePhoto-1537542312074.jpg","timestamp":"20:05:12"}
{"level":"info","message":"Photo Is uploaded","timestamp":"20:05:12"}
{"level":"info","message":"An Exception occured ChatController.createGroup TypeError: Cannot convert object to primitive value","timestamp":"20:05:14"}
{"level":"info","message":"reqData  :undefined","timestamp":"20:05:43"}
{"level":"info","message":"File NEW Name  :profilePhoto-1537542343761.jpg","timestamp":"20:05:43"}
{"level":"info","message":"Photo Is uploaded","timestamp":"20:05:43"}
{"groupName":"\"New GroupBy saif\"","groupMembersList ":"{ \"values\" : [\"+923345022572\"]}","adminPhone":"\"+923345022570\"","level":"info","message":"","timestamp":"20:05:46"}
{"level":"info","message":"An Exception occured ChatController.createGroup SyntaxError: Unexpected token u in JSON at position 0","timestamp":"20:05:46"}
