{"level":"info","message":"UserExists Method Called","timestamp":"15:29:30"}
{"level":"info","message":" Exit UserExists Method","timestamp":"15:29:30"}
{"level":"info","message":" Exit RegistrationController.setUsernamePassword Method","timestamp":"15:29:30"}
{"level":"info","message":"User Found with Phone Num. :+923345022570","timestamp":"15:29:30"}
{"level":"info","message":"RegistrationController.setUsernamePassword called for user  :+923345022570","timestamp":"15:29:30"}
{"level":"info","message":"Sucessful Response of SMS API : [object Object]","timestamp":"15:29:31"}
{"level":"info","message":"User Name updated With Phone Num +923345022570","timestamp":"15:29:32"}
{"level":"info","message":"UserExists Method Called","timestamp":"15:31:43"}
{"level":"info","message":" Exit UserExists Method","timestamp":"15:31:43"}
{"level":"info","message":" Exit RegistrationController.setUsernamePassword Method","timestamp":"15:31:43"}
{"level":"info","message":"User Found with Phone Num. :+923124999213","timestamp":"15:31:43"}
{"level":"info","message":"RegistrationController.setUsernamePassword called for user  :+923124999213","timestamp":"15:31:43"}
{"level":"info","message":"Sucessful Response of SMS API : [object Object]","timestamp":"15:31:44"}
{"level":"info","message":"User Name updated With Phone Num +923124999213","timestamp":"15:31:44"}
{"level":"info","message":"UserExists Method Called","timestamp":"15:33:49"}
{"level":"info","message":" Exit UserExists Method","timestamp":"15:33:49"}
{"level":"info","message":" Exit RegistrationController.setUsernamePassword Method","timestamp":"15:33:49"}
{"level":"info","message":"User Found with Phone Num. :+923124999213","timestamp":"15:33:49"}
{"level":"info","message":"RegistrationController.setUsernamePassword called for user  :+923124999213","timestamp":"15:33:49"}
{"level":"info","message":"Sucessful Response of SMS API : [object Object]","timestamp":"15:33:50"}
{"level":"info","message":"User Name updated With Phone Num +923124999213","timestamp":"15:33:50"}
{"level":"info","message":"UserExists Method Called","timestamp":"16:07:41"}
{"level":"info","message":" Exit UserExists Method","timestamp":"16:07:41"}
{"level":"info","message":" Exit RegistrationController.setUsernamePassword Method","timestamp":"16:07:41"}
{"level":"info","message":"User Found with Phone Num. :+923124999213","timestamp":"16:07:41"}
{"level":"info","message":"RegistrationController.setUsernamePassword called for user  :+923124999213","timestamp":"16:07:41"}
{"level":"info","message":"Sucessful Response of SMS API : [object Object]","timestamp":"16:07:42"}
{"level":"info","message":"User Name updated With Phone Num +923124999213","timestamp":"16:07:42"}
