{"level":"info","message":"UserExists Method Called","timestamp":"12:34:53"}
{"level":"info","message":" Exit UserExists Method","timestamp":"12:34:53"}
{"level":"info","message":" Exit RegistrationController.setUsernamePassword Method","timestamp":"12:34:53"}
{"level":"info","message":"User Not Found with Phone Num. :+923345022575","timestamp":"12:34:54"}
{"level":"info","message":"No User Found to Update ","timestamp":"12:34:54"}
{"level":"info","message":"UserExists Method Called","timestamp":"12:36:41"}
{"level":"info","message":" Exit UserExists Method","timestamp":"12:36:41"}
{"level":"info","message":" Exit RegistrationController.setUsernamePassword Method","timestamp":"12:36:41"}
{"level":"info","message":"User Not Found with Phone Num. :+923345022575","timestamp":"12:36:43"}
{"level":"info","message":"No User Found to Update ","timestamp":"12:36:43"}
{"level":"info","message":"UserExists Method Called","timestamp":"12:37:14"}
{"level":"info","message":" Exit UserExists Method","timestamp":"12:37:14"}
{"level":"info","message":" Exit RegistrationController.setUsernamePassword Method","timestamp":"12:37:14"}
{"level":"info","message":"UserExists Method Called","timestamp":"12:37:21"}
{"level":"info","message":" Exit UserExists Method","timestamp":"12:37:21"}
{"level":"info","message":" Exit RegistrationController.setUsernamePassword Method","timestamp":"12:37:21"}
{"level":"info","message":"User Not Found with Phone Num. :+923345022575","timestamp":"12:37:23"}
{"level":"info","message":"No User Found to Update ","timestamp":"12:37:23"}
{"level":"info","message":"UserExists Method Called","timestamp":"12:39:15"}
{"level":"info","message":" Exit UserExists Method","timestamp":"12:39:15"}
{"level":"info","message":" Exit RegistrationController.setUsernamePassword Method","timestamp":"12:39:15"}
{"level":"info","message":"User Not Found with Phone Num. :+923345022575","timestamp":"12:39:15"}
{"level":"info","message":"No User Found to Update ","timestamp":"12:39:15"}
{"level":"info","message":"UserExists Method Called","timestamp":"12:40:21"}
{"level":"info","message":" Exit UserExists Method","timestamp":"12:40:21"}
{"level":"info","message":" Exit RegistrationController.setUsernamePassword Method","timestamp":"12:40:21"}
{"level":"info","message":"User Not Found with Phone Num. :+923345022575","timestamp":"12:40:22"}
{"level":"info","message":"No User Found to Update ","timestamp":"12:40:22"}
{"level":"info","message":"UserExists Method Called","timestamp":"12:42:00"}
{"level":"info","message":" Exit UserExists Method","timestamp":"12:42:00"}
{"level":"info","message":" Exit RegistrationController.setUsernamePassword Method","timestamp":"12:42:00"}
{"level":"info","message":"User Not Found with Phone Num. :+923345022575","timestamp":"12:42:01"}
{"level":"info","message":"No User Found to Update ","timestamp":"12:42:01"}
{"level":"info","message":"UserExists Method Called","timestamp":"12:43:05"}
{"level":"info","message":" Exit UserExists Method","timestamp":"12:43:05"}
{"level":"info","message":" Exit RegistrationController.setUsernamePassword Method","timestamp":"12:43:05"}
{"level":"info","message":"User Found with Phone Num. :+923345022570","timestamp":"12:43:05"}
{"level":"info","message":"RegistrationController.setUsernamePassword called for user  :+923345022570","timestamp":"12:43:05"}
{"level":"info","message":"emailExists Method Called","timestamp":"12:43:05"}
{"level":"info","message":" Exit emailExists Method","timestamp":"12:43:05"}
{"level":"info","message":"User Found with email :undefined","timestamp":"12:43:06"}
{"level":"info","message":"UserExists Method Called","timestamp":"12:43:34"}
{"level":"info","message":" Exit UserExists Method","timestamp":"12:43:34"}
{"level":"info","message":" Exit RegistrationController.setUsernamePassword Method","timestamp":"12:43:34"}
{"level":"info","message":"User Found with Phone Num. :+923345022570","timestamp":"12:43:34"}
{"level":"info","message":"RegistrationController.setUsernamePassword called for user  :+923345022570","timestamp":"12:43:34"}
{"level":"info","message":"emailExists Method Called","timestamp":"12:43:34"}
{"level":"info","message":" Exit emailExists Method","timestamp":"12:43:34"}
{"level":"info","message":"User Found with email :undefined","timestamp":"12:43:34"}
{"level":"info","message":"UserExists Method Called","timestamp":"12:53:52"}
{"level":"info","message":" Exit UserExists Method","timestamp":"12:53:52"}
{"level":"info","message":" Exit RegistrationController.setUsernamePassword Method","timestamp":"12:53:52"}
{"level":"info","message":"User Not Found with Phone Num. :undefined","timestamp":"12:53:53"}
{"level":"info","message":"No User Found to Update ","timestamp":"12:53:53"}
{"level":"info","message":"UserExists Method Called","timestamp":"15:57:38"}
{"level":"info","message":" Exit UserExists Method","timestamp":"15:57:38"}
{"level":"info","message":" Exit RegistrationController.setUsernamePassword Method","timestamp":"15:57:38"}
{"level":"info","message":"User Not Found with Phone Num. :undefined","timestamp":"15:57:38"}
{"level":"info","message":"No User Found to Update ","timestamp":"15:57:38"}
{"level":"info","message":"UserExists Method Called","timestamp":"16:01:42"}
{"level":"info","message":" Exit UserExists Method","timestamp":"16:01:42"}
{"level":"info","message":" Exit RegistrationController.setUsernamePassword Method","timestamp":"16:01:42"}
{"level":"info","message":"User Not Found with Phone Num. :undefined","timestamp":"16:01:42"}
{"level":"info","message":"No User Found to Update ","timestamp":"16:01:42"}
{"level":"info","message":"UserExists Method Called","timestamp":"16:05:29"}
{"level":"info","message":" Exit UserExists Method","timestamp":"16:05:29"}
{"level":"info","message":" Exit RegistrationController.setUsernamePassword Method","timestamp":"16:05:29"}
{"level":"info","message":"User Not Found with Phone Num. :undefined","timestamp":"16:05:30"}
{"level":"info","message":"No User Found to Update ","timestamp":"16:05:30"}
{"level":"info","message":"UserExists Method Called","timestamp":"16:06:02"}
{"level":"info","message":" Exit UserExists Method","timestamp":"16:06:02"}
{"level":"info","message":" Exit RegistrationController.setUsernamePassword Method","timestamp":"16:06:02"}
{"level":"info","message":"User Not Found with Phone Num. :undefined","timestamp":"16:06:02"}
{"level":"info","message":"No User Found to Update ","timestamp":"16:06:02"}
{"level":"info","message":"UserExists Method Called","timestamp":"16:08:04"}
{"level":"info","message":" Exit UserExists Method","timestamp":"16:08:04"}
{"level":"info","message":" Exit RegistrationController.setUsernamePassword Method","timestamp":"16:08:04"}
{"level":"info","message":"User Not Found with Phone Num. :undefined","timestamp":"16:08:04"}
{"level":"info","message":"No User Found to Update ","timestamp":"16:08:04"}
