{"level":"info","message":"UserExists Method Called","timestamp":"10:26:32"}
{"level":"info","message":" Exit UserExists Method","timestamp":"10:26:32"}
{"level":"info","message":" Exit RegistrationController.setUsernamePassword Method","timestamp":"10:26:32"}
{"level":"info","message":"User Not Found with Phone Num. :+923352555","timestamp":"10:26:32"}
{"level":"info","message":"No User Found to Update ","timestamp":"10:26:32"}
{"level":"info","message":"UserExists Method Called","timestamp":"10:26:48"}
{"level":"info","message":" Exit UserExists Method","timestamp":"10:26:48"}
{"level":"info","message":" Exit RegistrationController.setUsernamePassword Method","timestamp":"10:26:48"}
{"level":"info","message":"User Found with Phone Num. :+923345022570","timestamp":"10:26:48"}
{"level":"info","message":"RegistrationController.setUsernamePassword called for user  :+923345022570","timestamp":"10:26:48"}
{"level":"info","message":"emailExists Method Called","timestamp":"10:26:48"}
{"level":"info","message":" Exit emailExists Method","timestamp":"10:26:48"}
{"level":"info","message":"User Found with email :khansaifullah1993@gmail.com","timestamp":"10:26:48"}
{"level":"info","message":"UserExists Method Called","timestamp":"10:27:07"}
{"level":"info","message":" Exit UserExists Method","timestamp":"10:27:07"}
{"level":"info","message":" Exit RegistrationController.setUsernamePassword Method","timestamp":"10:27:07"}
{"level":"info","message":"User Found with Phone Num. :+923345022570","timestamp":"10:27:07"}
{"level":"info","message":"RegistrationController.setUsernamePassword called for user  :+923345022570","timestamp":"10:27:07"}
{"level":"info","message":"emailExists Method Called","timestamp":"10:27:07"}
{"level":"info","message":" Exit emailExists Method","timestamp":"10:27:07"}
{"level":"info","message":"User Not Found with email :khansaifullah1995@gmail.com","timestamp":"10:27:07"}
{"level":"info","message":"User Name updated With Phone Num +923345022570","timestamp":"10:27:08"}
{"level":"info","message":"Sucessful Response of SMS API : [object Object]","timestamp":"10:27:09"}
{"level":"info","message":"UserExists Method Called","timestamp":"12:45:21"}
{"level":"info","message":" Exit UserExists Method","timestamp":"12:45:21"}
{"level":"info","message":" Exit RegistrationController.setUsernamePassword Method","timestamp":"12:45:21"}
{"level":"info","message":"User Found with Phone Num. :+923345022570","timestamp":"12:45:21"}
{"level":"info","message":"RegistrationController.setUsernamePassword called for user  :+923345022570","timestamp":"12:45:21"}
{"level":"info","message":"emailExists Method Called","timestamp":"12:45:21"}
{"level":"info","message":" Exit emailExists Method","timestamp":"12:45:21"}
{"level":"info","message":"User Not Found with email :khansaifullah1993@gmail.com","timestamp":"12:45:21"}
{"level":"info","message":"User Name updated With Phone Num +923345022570","timestamp":"12:45:22"}
{"level":"info","message":"Sucessful Response of SMS API : [object Object]","timestamp":"12:45:22"}
{"level":"info","message":"UserExists Method Called","timestamp":"12:48:03"}
{"level":"info","message":" Exit UserExists Method","timestamp":"12:48:03"}
{"level":"info","message":" Exit RegistrationController.setUsernamePassword Method","timestamp":"12:48:03"}
{"level":"info","message":"User Found with Phone Num. :+923345022570","timestamp":"12:48:03"}
{"level":"info","message":"RegistrationController.setUsernamePassword called for user  :+923345022570","timestamp":"12:48:03"}
{"level":"info","message":"emailExists Method Called","timestamp":"12:48:03"}
{"level":"info","message":" Exit emailExists Method","timestamp":"12:48:03"}
{"level":"info","message":"User Not Found with email :khansaifullah1992@gmail.com","timestamp":"12:48:03"}
{"level":"info","message":"User Name updated With Phone Num +923345022570","timestamp":"12:48:04"}
{"level":"info","message":"Sucessful Response of SMS API : [object Object]","timestamp":"12:48:04"}
{"level":"info","message":"RegistrationController.verifyCode called  :+923345022570 - 11122","timestamp":"12:48:11"}
{"level":"info","message":"UserExists Method Called","timestamp":"12:48:11"}
{"level":"info","message":" Exit UserExists Method","timestamp":"12:48:11"}
{"level":"info","message":" Exit RegistrationController.verifyCode Method","timestamp":"12:48:11"}
{"level":"info","message":"User Found with Phone Num. :+923345022570","timestamp":"12:48:12"}
{"level":"info","message":"Wrong Code Sent For Verifcation :11122","timestamp":"12:48:12"}
{"level":"info","message":"RegistrationController.verifyCode called  :+923345022570 - 1234","timestamp":"12:48:27"}
{"level":"info","message":"UserExists Method Called","timestamp":"12:48:27"}
{"level":"info","message":" Exit UserExists Method","timestamp":"12:48:27"}
{"level":"info","message":" Exit RegistrationController.verifyCode Method","timestamp":"12:48:27"}
{"level":"info","message":"User Found with Phone Num. :+923345022570","timestamp":"12:48:27"}
{"level":"info","message":"Wrong Code Sent For Verifcation :1234","timestamp":"12:48:27"}
{"level":"info","message":"UserExists Method Called","timestamp":"12:50:53"}
{"level":"info","message":" Exit UserExists Method","timestamp":"12:50:53"}
{"level":"info","message":" Exit RegistrationController.setUsernamePassword Method","timestamp":"12:50:53"}
{"level":"info","message":"User Found with Phone Num. :+923345022570","timestamp":"12:50:53"}
{"level":"info","message":"RegistrationController.setUsernamePassword called for user  :+923345022570","timestamp":"12:50:53"}
{"level":"info","message":"emailExists Method Called","timestamp":"12:50:53"}
{"level":"info","message":" Exit emailExists Method","timestamp":"12:50:53"}
{"level":"info","message":"User Not Found with email :khansaifullah1993@gmail.com","timestamp":"12:50:54"}
{"level":"info","message":"User Name updated With Phone Num +923345022570","timestamp":"12:50:54"}
{"level":"info","message":"Sucessful Response of SMS API : [object Object]","timestamp":"12:50:54"}
{"level":"info","message":"RegistrationController.verifyCode called  :+923345022570 - 1234","timestamp":"12:50:59"}
{"level":"info","message":"UserExists Method Called","timestamp":"12:50:59"}
{"level":"info","message":" Exit UserExists Method","timestamp":"12:50:59"}
{"level":"info","message":" Exit RegistrationController.verifyCode Method","timestamp":"12:50:59"}
{"level":"info","message":"User Found with Phone Num. :+923345022570","timestamp":"12:50:59"}
{"level":"info","message":"RegistrationController.verifyCode called  :+923345022570 - 6349","timestamp":"12:52:00"}
{"level":"info","message":"UserExists Method Called","timestamp":"12:52:00"}
{"level":"info","message":" Exit UserExists Method","timestamp":"12:52:00"}
{"level":"info","message":" Exit RegistrationController.verifyCode Method","timestamp":"12:52:00"}
{"level":"info","message":"User Found with Phone Num. :+923345022570","timestamp":"12:52:00"}
{"level":"info","message":"UserExists Method Called","timestamp":"14:25:52"}
{"level":"info","message":" Exit UserExists Method","timestamp":"14:25:52"}
{"level":"info","message":" Exit RegistrationController.setUsernamePassword Method","timestamp":"14:25:52"}
{"level":"info","message":"User Found with Phone Num. :+923345022570","timestamp":"14:25:53"}
{"level":"info","message":"RegistrationController.setUsernamePassword called for user  :+923345022570","timestamp":"14:25:53"}
{"level":"info","message":"emailExists Method Called","timestamp":"14:25:53"}
{"level":"info","message":" Exit emailExists Method","timestamp":"14:25:53"}
{"level":"info","message":"User Not Found with email :khansaifullah1999@gmail.com","timestamp":"14:25:53"}
{"level":"info","message":"User Name updated With Phone Num +923345022570","timestamp":"14:25:53"}
{"level":"info","message":"Sucessful Response of SMS API : [object Object]","timestamp":"14:25:54"}
{"level":"info","message":"RegistrationController.verifyCode called  :+923345022570 - 1234","timestamp":"14:26:06"}
{"level":"info","message":"UserExists Method Called","timestamp":"14:26:06"}
{"level":"info","message":" Exit UserExists Method","timestamp":"14:26:06"}
{"level":"info","message":" Exit RegistrationController.verifyCode Method","timestamp":"14:26:06"}
{"level":"info","message":"User Found with Phone Num. :+923345022570","timestamp":"14:26:06"}
{"level":"info","message":"UserExists Method Called","timestamp":"16:25:56"}
{"level":"info","message":" Exit UserExists Method","timestamp":"16:25:56"}
{"level":"info","message":" Exit RegistrationController.setUsernamePassword Method","timestamp":"16:25:56"}
{"level":"info","message":"User Found with Phone Num. :+923345022570","timestamp":"16:25:56"}
{"level":"info","message":"RegistrationController.setUsernamePassword called for user  :+923345022570","timestamp":"16:25:56"}
{"level":"info","message":"emailExists Method Called","timestamp":"16:25:56"}
{"level":"info","message":" Exit emailExists Method","timestamp":"16:25:56"}
{"level":"info","message":"User Not Found with email :khansaifullah1993@gmail.com","timestamp":"16:25:56"}
{"level":"info","message":"User Name updated With Phone Num +923345022570","timestamp":"16:25:57"}
{"level":"info","message":"Sucessful Response of SMS API : [object Object]","timestamp":"16:25:57"}
{"level":"info","message":"UserExists Method Called","timestamp":"16:36:58"}
{"level":"info","message":" Exit UserExists Method","timestamp":"16:36:58"}
{"level":"info","message":" Exit RegistrationController.setUsernamePassword Method","timestamp":"16:36:58"}
{"level":"info","message":"User Found with Phone Num. :+923345022570","timestamp":"16:36:59"}
{"level":"info","message":"RegistrationController.setUsernamePassword called for user  :+923345022570","timestamp":"16:36:59"}
{"level":"info","message":"emailExists Method Called","timestamp":"16:36:59"}
{"level":"info","message":" Exit emailExists Method","timestamp":"16:36:59"}
{"level":"info","message":"User Not Found with email :khansaifullah1992@gmail.com","timestamp":"16:36:59"}
{"level":"info","message":"User Name updated With Phone Num +923345022570","timestamp":"16:36:59"}
{"level":"info","message":"Sucessful Response of SMS API : [object Object]","timestamp":"16:37:00"}
{"level":"info","message":"RegistrationController.verifyCode called  :+923345022570 - 7474","timestamp":"16:37:09"}
{"level":"info","message":"UserExists Method Called","timestamp":"16:37:09"}
{"level":"info","message":" Exit UserExists Method","timestamp":"16:37:09"}
{"level":"info","message":" Exit RegistrationController.verifyCode Method","timestamp":"16:37:09"}
{"level":"info","message":"User Found with Phone Num. :+923345022570","timestamp":"16:37:09"}
{"level":"info","message":"Wrong Code Sent For Verifcation :7474","timestamp":"16:37:09"}
{"level":"info","message":"RegistrationController.verifyCode called  :+923345022570 - 1234","timestamp":"16:37:24"}
{"level":"info","message":"UserExists Method Called","timestamp":"16:37:24"}
{"level":"info","message":" Exit UserExists Method","timestamp":"16:37:24"}
{"level":"info","message":" Exit RegistrationController.verifyCode Method","timestamp":"16:37:24"}
{"level":"info","message":"User Found with Phone Num. :+923345022570","timestamp":"16:37:24"}
{"level":"info","message":"RegistrationController.verifyCode called  :+923345022570 - 1234","timestamp":"17:22:03"}
{"level":"info","message":"UserExists Method Called","timestamp":"17:22:03"}
{"level":"info","message":" Exit UserExists Method","timestamp":"17:22:03"}
{"level":"info","message":" Exit RegistrationController.verifyCode Method","timestamp":"17:22:03"}
{"level":"info","message":"User Found with Phone Num. :+923345022570","timestamp":"17:22:03"}
{"level":"info","message":"RegistrationController.verifyCode called  :+923345022570 - 1111","timestamp":"17:22:19"}
{"level":"info","message":"UserExists Method Called","timestamp":"17:22:19"}
{"level":"info","message":" Exit UserExists Method","timestamp":"17:22:19"}
{"level":"info","message":" Exit RegistrationController.verifyCode Method","timestamp":"17:22:19"}
{"level":"info","message":"User Found with Phone Num. :+923345022570","timestamp":"17:22:19"}
{"level":"info","message":"Wrong Code Sent For Verifcation :1111","timestamp":"17:22:19"}
{"level":"info","message":"RegistrationController.verifyCode called  :+923345022570 - 2222","timestamp":"17:22:27"}
{"level":"info","message":"UserExists Method Called","timestamp":"17:22:27"}
{"level":"info","message":" Exit UserExists Method","timestamp":"17:22:27"}
{"level":"info","message":" Exit RegistrationController.verifyCode Method","timestamp":"17:22:27"}
{"level":"info","message":"User Found with Phone Num. :+923345022570","timestamp":"17:22:27"}
{"level":"info","message":"Wrong Code Sent For Verifcation :2222","timestamp":"17:22:27"}
{"level":"info","message":"RegistrationController.verifyCode called  :+923345022570 - 1234","timestamp":"17:22:39"}
{"level":"info","message":"UserExists Method Called","timestamp":"17:22:39"}
{"level":"info","message":" Exit UserExists Method","timestamp":"17:22:39"}
{"level":"info","message":" Exit RegistrationController.verifyCode Method","timestamp":"17:22:39"}
{"level":"info","message":"User Found with Phone Num. :+923345022570","timestamp":"17:22:39"}
{"level":"info","message":"RegistrationController.verifyCode called  :+923345022570 - 1111","timestamp":"17:22:49"}
{"level":"info","message":"UserExists Method Called","timestamp":"17:22:49"}
{"level":"info","message":" Exit UserExists Method","timestamp":"17:22:49"}
{"level":"info","message":" Exit RegistrationController.verifyCode Method","timestamp":"17:22:49"}
{"level":"info","message":"User Found with Phone Num. :+923345022570","timestamp":"17:22:49"}
{"level":"info","message":"Wrong Code Sent For Verifcation :1111","timestamp":"17:22:49"}
{"level":"info","message":"RegistrationController.verifyCode called  :+923345022570 - 1111111","timestamp":"17:22:53"}
{"level":"info","message":"UserExists Method Called","timestamp":"17:22:53"}
{"level":"info","message":" Exit UserExists Method","timestamp":"17:22:53"}
{"level":"info","message":" Exit RegistrationController.verifyCode Method","timestamp":"17:22:53"}
{"level":"info","message":"User Found with Phone Num. :+923345022570","timestamp":"17:22:53"}
{"level":"info","message":"Wrong Code Sent For Verifcation :1111111","timestamp":"17:22:53"}
