{"level":"info","message":"RegistrationController.syncContacts called  :","timestamp":"11:36:08"}
{"level":"info","message":"friend Name : saif","timestamp":"11:36:08"}
{"level":"info","message":"friend Phone : 1111","timestamp":"11:36:08"}
{"level":"info","message":"friend Name : saif","timestamp":"11:36:08"}
{"level":"info","message":"friend Phone : 2222","timestamp":"11:36:08"}
{"level":"info","message":"friend Name : saif","timestamp":"11:36:08"}
{"level":"info","message":"friend Phone : 3333","timestamp":"11:36:08"}
{"level":"info","message":"friend Name : saif","timestamp":"11:36:08"}
{"level":"info","message":"friend Phone : +923345022571","timestamp":"11:36:08"}
{"level":"info","message":"friend Name : saif","timestamp":"11:36:08"}
{"level":"info","message":"friend Phone : +923124999213","timestamp":"11:36:08"}
{"level":"info","message":" Exit RegistrationController.syncContacts Method","timestamp":"11:36:08"}
{"level":"info","message":"RegistrationController.syncContacts called  :","timestamp":"11:37:44"}
{"level":"info","message":"friend Name : saif","timestamp":"11:37:44"}
{"level":"info","message":"friend Phone : 1111","timestamp":"11:37:44"}
{"level":"info","message":"friend Name : saif","timestamp":"11:37:44"}
{"level":"info","message":"friend Phone : 2222","timestamp":"11:37:44"}
{"level":"info","message":"friend Name : saif","timestamp":"11:37:44"}
{"level":"info","message":"friend Phone : 3333","timestamp":"11:37:44"}
{"level":"info","message":"friend Name : saif","timestamp":"11:37:44"}
{"level":"info","message":"friend Phone : +923345022571","timestamp":"11:37:44"}
{"level":"info","message":"friend Name : saif","timestamp":"11:37:44"}
{"level":"info","message":"friend Phone : +923124999213","timestamp":"11:37:44"}
{"level":"info","message":" Exit RegistrationController.syncContacts Method","timestamp":"11:37:44"}
{"level":"info","message":"Friend Id : 5b7a620255f0c2088475f619","timestamp":"11:37:45"}
{"level":"info","message":"Friend Id : 5b7a620255f0c2088475f61b","timestamp":"11:37:45"}
{"level":"info","message":"RegistrationController.syncContacts called  :","timestamp":"11:45:11"}
{"level":"info","message":"friend Name : saif","timestamp":"11:45:11"}
{"level":"info","message":"friend Phone : 1111","timestamp":"11:45:11"}
{"level":"info","message":"friend Name : saif","timestamp":"11:45:11"}
{"level":"info","message":"friend Phone : 2222","timestamp":"11:45:11"}
{"level":"info","message":"friend Name : saif","timestamp":"11:45:11"}
{"level":"info","message":"friend Phone : 3333","timestamp":"11:45:11"}
{"level":"info","message":"friend Name : saif","timestamp":"11:45:11"}
{"level":"info","message":"friend Phone : +923345022571","timestamp":"11:45:11"}
{"level":"info","message":"friend Name : ahmed","timestamp":"11:45:11"}
{"level":"info","message":"friend Phone : +923124999213","timestamp":"11:45:11"}
{"level":"info","message":" Exit RegistrationController.syncContacts Method","timestamp":"11:45:11"}
{"level":"info","message":"Friend Id : 5b7a620255f0c2088475f61b","timestamp":"11:45:12"}
{"level":"info","message":"Friend Id : 5b7a63c155f0c2088475f9f2","timestamp":"11:45:12"}
{"level":"info","message":"RegistrationController.syncContacts called  :","timestamp":"11:45:46"}
{"level":"info","message":"friend Name : saif","timestamp":"11:45:46"}
{"level":"info","message":"friend Phone : 1111","timestamp":"11:45:46"}
{"level":"info","message":"friend Name : saif","timestamp":"11:45:46"}
{"level":"info","message":"friend Phone : 2222","timestamp":"11:45:46"}
{"level":"info","message":"friend Name : saif","timestamp":"11:45:46"}
{"level":"info","message":"friend Phone : 3333","timestamp":"11:45:46"}
{"level":"info","message":"friend Name : saif","timestamp":"11:45:46"}
{"level":"info","message":"friend Phone : +923345022571","timestamp":"11:45:46"}
{"level":"info","message":"friend Name : ali","timestamp":"11:45:46"}
{"level":"info","message":"friend Phone : +923124999213","timestamp":"11:45:46"}
{"level":"info","message":" Exit RegistrationController.syncContacts Method","timestamp":"11:45:46"}
{"level":"info","message":"Friend Id : 5b7a63e355f0c2088475fa49","timestamp":"11:45:47"}
{"level":"info","message":"Friend Id : 5b7a620255f0c2088475f61b","timestamp":"11:45:47"}
{"level":"info","message":"RegistrationController.syncContacts called  :","timestamp":"11:47:06"}
{"level":"info","message":"friend Name : saif","timestamp":"11:47:06"}
{"level":"info","message":"friend Phone : 1111","timestamp":"11:47:06"}
{"level":"info","message":"friend Name : saif","timestamp":"11:47:06"}
{"level":"info","message":"friend Phone : 2222","timestamp":"11:47:06"}
{"level":"info","message":"friend Name : saif","timestamp":"11:47:06"}
{"level":"info","message":"friend Phone : 3333","timestamp":"11:47:06"}
{"level":"info","message":"friend Name : saif","timestamp":"11:47:06"}
{"level":"info","message":"friend Phone : +923345022571","timestamp":"11:47:06"}
{"level":"info","message":"friend Name : ali","timestamp":"11:47:06"}
{"level":"info","message":"friend Phone : +923124999213","timestamp":"11:47:06"}
{"level":"info","message":" Exit RegistrationController.syncContacts Method","timestamp":"11:47:06"}
{"level":"info","message":"Friend Id : 5b7128d555f0c2088466dc39","timestamp":"11:47:07"}
{"level":"info","message":"Friend Id : 5b712b6c55f0c2088466e3d3","timestamp":"11:47:07"}
{"level":"info","message":"RegistrationController.syncContacts called  :","timestamp":"11:47:18"}
{"level":"info","message":"friend Name : saif","timestamp":"11:47:18"}
{"level":"info","message":"friend Phone : 1111","timestamp":"11:47:18"}
{"level":"info","message":"friend Name : saif","timestamp":"11:47:18"}
{"level":"info","message":"friend Phone : 2222","timestamp":"11:47:18"}
{"level":"info","message":"friend Name : saif","timestamp":"11:47:18"}
{"level":"info","message":"friend Phone : 3333","timestamp":"11:47:18"}
{"level":"info","message":"friend Name : saif","timestamp":"11:47:18"}
{"level":"info","message":"friend Phone : +923345022571","timestamp":"11:47:18"}
{"level":"info","message":"friend Name : ali1","timestamp":"11:47:18"}
{"level":"info","message":"friend Phone : +923124999213","timestamp":"11:47:18"}
{"level":"info","message":" Exit RegistrationController.syncContacts Method","timestamp":"11:47:18"}
{"level":"info","message":"Friend Id : 5b7128d555f0c2088466dc39","timestamp":"11:47:19"}
{"level":"info","message":"Friend Id : 5b712b6c55f0c2088466e3d3","timestamp":"11:47:19"}
{"level":"info","message":"RegistrationController.syncContacts called  :","timestamp":"11:48:15"}
{"level":"info","message":"friend Name : saif","timestamp":"11:48:15"}
{"level":"info","message":"friend Phone : 1111","timestamp":"11:48:15"}
{"level":"info","message":"friend Name : saif","timestamp":"11:48:15"}
{"level":"info","message":"friend Phone : 2222","timestamp":"11:48:15"}
{"level":"info","message":"friend Name : saif","timestamp":"11:48:15"}
{"level":"info","message":"friend Phone : 3333","timestamp":"11:48:15"}
{"level":"info","message":"friend Name : saif 1","timestamp":"11:48:15"}
{"level":"info","message":"friend Phone : +923345022571","timestamp":"11:48:15"}
{"level":"info","message":"friend Name : Nadeem","timestamp":"11:48:15"}
{"level":"info","message":"friend Phone : +923124999213","timestamp":"11:48:15"}
{"level":"info","message":" Exit RegistrationController.syncContacts Method","timestamp":"11:48:15"}
{"level":"info","message":"Friend Id : 5b712b6c55f0c2088466e3d3","timestamp":"11:48:15"}
{"level":"info","message":"Friend Id : 5b7128d555f0c2088466dc39","timestamp":"11:48:15"}
{"level":"info","message":"RegistrationController.syncContacts called  :","timestamp":"11:50:06"}
{"level":"info","message":"friend Name : saif","timestamp":"11:50:06"}
{"level":"info","message":"friend Phone : 1111","timestamp":"11:50:06"}
{"level":"info","message":"friend Name : saif","timestamp":"11:50:06"}
{"level":"info","message":"friend Phone : 2222","timestamp":"11:50:06"}
{"level":"info","message":"friend Name : saif","timestamp":"11:50:06"}
{"level":"info","message":"friend Phone : 3333","timestamp":"11:50:06"}
{"level":"info","message":"friend Name : Umer","timestamp":"11:50:06"}
{"level":"info","message":"friend Phone : +923345022570","timestamp":"11:50:06"}
{"level":"info","message":"friend Name : Nadeem","timestamp":"11:50:06"}
{"level":"info","message":"friend Phone : +923124999213","timestamp":"11:50:06"}
{"level":"info","message":" Exit RegistrationController.syncContacts Method","timestamp":"11:50:06"}
{"level":"info","message":"Friend Id : 5b712c6155f0c2088466e6ab","timestamp":"11:50:07"}
{"level":"info","message":"Friend Id : 5b712c6155f0c2088466e6a9","timestamp":"11:50:07"}
{"level":"info","message":"in routes get friend","timestamp":"12:07:20"}
{"level":"info","message":"Response Of findFriendsByPhoneNum Method","timestamp":"12:07:21"}
