{"level":"info","message":"File NEW Name  :image-1537341569350.jpg","timestamp":"12:19:29"}
{"level":"info","message":"File NEW Name  :video-1537341569754.jpg","timestamp":"12:19:29"}
{"level":"info","message":"File NEW Name  :image-1537342051181.jpg","timestamp":"12:27:31"}
{"level":"info","message":"File NEW Name  :video-1537342051197.jpg","timestamp":"12:27:31"}
{"level":"info","message":"File NEW Name  :photos-1537342382932.jpg","timestamp":"12:33:02"}
{"level":"info","message":"File NEW Name  :photos-1537342554560.jpg","timestamp":"12:35:59"}
{"level":"info","message":"File NEW Name  :photos-1537342559820.jpg","timestamp":"12:35:59"}
{"level":"info","message":"File NEW Name  :photos-1537349949943.jpg","timestamp":"14:39:09"}
{"level":"info","message":"File NEW Name  :photos-1537349949979.jpg","timestamp":"14:39:09"}
{"level":"info","message":"File NEW Name  :photos-1537349949984.jpg","timestamp":"14:39:09"}
{"level":"info","message":"File NEW Name  :photos-1537349986092.jpg","timestamp":"14:39:46"}
{"level":"info","message":"File NEW Name  :photos-1537349986097.jpg","timestamp":"14:39:46"}
{"level":"info","message":"File NEW Name  :photos-1537349986100.jpg","timestamp":"14:39:46"}
{"level":"info","message":"File NEW Name  :photos-1537350051065.jpg","timestamp":"14:40:51"}
{"level":"info","message":"File NEW Name  :photos-1537350051089.jpg","timestamp":"14:40:51"}
{"level":"info","message":"File NEW Name  :photos-1537350051093.jpg","timestamp":"14:40:51"}
{"level":"info","message":"File NEW Name  :photos-1537350056868.jpg","timestamp":"14:40:56"}
{"level":"info","message":"File NEW Name  :photos-1537350056872.jpg","timestamp":"14:40:56"}
{"level":"info","message":"File NEW Name  :photos-1537350056875.jpg","timestamp":"14:40:56"}
{"level":"info","message":"File NEW Name  :photos-1537350521362.jpg","timestamp":"14:48:41"}
{"level":"info","message":"File NEW Name  :photos-1537350521380.jpg","timestamp":"14:48:41"}
{"level":"info","message":"File NEW Name  :photos-1537350521383.jpg","timestamp":"14:48:41"}
{"level":"info","message":"Error : Error: read ECONNRESET","timestamp":"14:48:42"}
{"level":"info","message":"File NEW Name  :photos-1537350695707.jpg","timestamp":"14:51:35"}
{"level":"info","message":"File NEW Name  :photos-1537350695720.jpg","timestamp":"14:51:35"}
{"level":"info","message":"File NEW Name  :photos-1537350695723.jpg","timestamp":"14:51:35"}
{"level":"info","message":"File NEW Name  :photos-1537350858755.jpg","timestamp":"14:54:18"}
{"level":"info","message":"File NEW Name  :photos-1537350858781.jpg","timestamp":"14:54:18"}
{"level":"info","message":"File NEW Name  :photos-1537350858794.jpg","timestamp":"14:54:18"}
{"level":"info","message":"File NEW Name  :photos-1537350957574.jpg","timestamp":"14:55:57"}
{"level":"info","message":"File NEW Name  :photos-1537350957590.jpg","timestamp":"14:55:57"}
{"level":"info","message":"File NEW Name  :photos-1537350957594.jpg","timestamp":"14:55:57"}
{"level":"info","message":"File NEW Name  :photos-1537350999395.jpg","timestamp":"14:56:39"}
{"level":"info","message":"File NEW Name  :photos-1537350999413.jpg","timestamp":"14:56:39"}
{"level":"info","message":"File NEW Name  :photos-1537350999417.jpg","timestamp":"14:56:39"}
{"level":"info","message":"File NEW Name  :photos-1537354336695.jpg","timestamp":"15:52:16"}
{"level":"info","message":"File NEW Name  :photos-1537354336717.jpg","timestamp":"15:52:16"}
{"level":"info","message":"File NEW Name  :photos-1537354336721.jpg","timestamp":"15:52:16"}
{"level":"info","message":"File NEW Name  :photos-1537354461378.jpg","timestamp":"15:54:21"}
{"level":"info","message":"File NEW Name  :photos-1537354461402.jpg","timestamp":"15:54:21"}
{"level":"info","message":"File NEW Name  :photos-1537354461408.jpg","timestamp":"15:54:21"}
{"level":"info","message":"File NEW Name  :photos-1537354499143.jpg","timestamp":"15:54:59"}
{"level":"info","message":"File NEW Name  :photos-1537354499159.jpg","timestamp":"15:54:59"}
{"level":"info","message":"File NEW Name  :photos-1537354499162.jpg","timestamp":"15:54:59"}
{"level":"info","message":"File NEW Name  :file-1537354728348.jpg","timestamp":"15:58:48"}
{"level":"info","message":"Photo Is uploaded","timestamp":"15:58:48"}
{"level":"info","message":" Exit AppController.addWallpaper Method","timestamp":"15:58:50"}
{"level":"info","message":"Wallpaper saved succuessfully","timestamp":"15:58:51"}
{"level":"info","message":"File NEW Name  :photos-1537354868695.jpg","timestamp":"16:01:08"}
{"level":"info","message":"File NEW Name  :photos-1537354868720.jpg","timestamp":"16:01:08"}
{"level":"info","message":"File NEW Name  :photos-1537354868726.jpg","timestamp":"16:01:08"}
{"level":"info","message":"File NEW Name  :photos-1537354878265.jpg","timestamp":"16:01:18"}
{"level":"info","message":"File NEW Name  :photos-1537355330931.jpg","timestamp":"16:08:50"}
{"level":"info","message":"File NEW Name  :photos-1537355341792.jpg","timestamp":"16:09:01"}
{"level":"info","message":"File NEW Name  :photos-1537355341797.jpg","timestamp":"16:09:01"}
{"level":"info","message":"File NEW Name  :photos-1537355341802.jpg","timestamp":"16:09:01"}
{"level":"info","message":"File NEW Name  :photos-1537356003515.jpg","timestamp":"16:20:03"}
{"level":"info","message":"File NEW Name  :photos-1537356003520.jpg","timestamp":"16:20:03"}
{"level":"info","message":"File NEW Name  :photos-1537356003523.jpg","timestamp":"16:20:03"}
{"level":"info","message":"File NEW Name  :photos-1537356061654.jpg","timestamp":"16:21:01"}
{"level":"info","message":"File NEW Name  :photos-1537356061671.jpg","timestamp":"16:21:01"}
{"level":"info","message":"File NEW Name  :photos-1537356061674.jpg","timestamp":"16:21:01"}
{"level":"info","message":"File NEW Name  :photos-1537356768512.png","timestamp":"16:32:48"}
{"level":"info","message":"File NEW Name  :photos-1537356768545.jpg","timestamp":"16:32:48"}
{"level":"info","message":"File NEW Name  :photos-1537356768548.png","timestamp":"16:32:48"}
{"level":"info","message":" Exit AppController.addAttachment Method","timestamp":"16:32:50"}
{"level":"info","message":"Attachment saved succuessfully","timestamp":"16:32:51"}
{"level":"info","message":" Exit AppController.addAttachment Method","timestamp":"16:32:59"}
{"level":"info","message":"Attachment saved succuessfully","timestamp":"16:32:59"}
{"level":"info","message":"File NEW Name  :photos-1537356868087.png","timestamp":"16:34:28"}
{"level":"info","message":"File NEW Name  :photos-1537356868142.jpg","timestamp":"16:34:28"}
{"level":"info","message":"File NEW Name  :photos-1537356868153.png","timestamp":"16:34:28"}
{"level":"info","message":" Exit AppController.addAttachment Method","timestamp":"16:34:30"}
{"level":"info","message":"Attachment saved succuessfully","timestamp":"16:34:30"}
{"level":"info","message":" Exit AppController.addAttachment Method","timestamp":"16:34:35"}
{"level":"info","message":"Attachment saved succuessfully","timestamp":"16:34:36"}
{"level":"info","message":" Exit AppController.addAttachment Method","timestamp":"16:34:42"}
{"level":"info","message":"Attachment saved succuessfully","timestamp":"16:34:42"}
{"level":"info","message":"File NEW Name  :photos-1537357002161.png","timestamp":"16:36:49"}
{"level":"info","message":"File NEW Name  :photos-1537357009042.jpg","timestamp":"16:36:49"}
{"level":"info","message":"File NEW Name  :photos-1537357009050.png","timestamp":"16:36:49"}
{"level":"info","message":"File NEW Name  :photos-1537357048068.png","timestamp":"16:37:28"}
{"level":"info","message":"File NEW Name  :photos-1537357048128.jpg","timestamp":"16:37:28"}
{"level":"info","message":"File NEW Name  :photos-1537357048143.png","timestamp":"16:37:28"}
{"level":"info","message":" Exit AppController.addAttachment Method","timestamp":"16:37:32"}
{"level":"info","message":"Attachment saved succuessfully","timestamp":"16:37:33"}
{"level":"info","message":" Exit AppController.addAttachment Method","timestamp":"16:37:42"}
{"level":"info","message":"Attachment saved succuessfully","timestamp":"16:37:43"}
{"level":"info","message":" Exit AppController.addAttachment Method","timestamp":"16:37:44"}
{"level":"info","message":"Attachment saved succuessfully","timestamp":"16:37:44"}
